 BELLHOP/BELLHOP3D

 BELLHOP- Channel LUT                                                            
 frequency =  0.2400E+05 Hz

 Dummy parameter NMedia =            1

     Spline approximation to SSP
     Attenuation units: dB/mkHz
     Altimetry file selected
     VACUUM

 Depth =     500.00 m

 Sound speed profile:
   z (m)     alphaR (m/s)   betaR  rho (g/cm^3)  alphaI     betaI

      0.00      1502.37      0.00     1.00       0.0000    0.0000
     10.20      1502.11      0.00     1.00       0.0000    0.0000
     20.41      1501.54      0.00     1.00       0.0000    0.0000
     30.61      1500.52      0.00     1.00       0.0000    0.0000
     40.82      1498.62      0.00     1.00       0.0000    0.0000
     51.02      1496.78      0.00     1.00       0.0000    0.0000
     61.22      1495.35      0.00     1.00       0.0000    0.0000
     71.43      1493.93      0.00     1.00       0.0000    0.0000
     81.63      1493.20      0.00     1.00       0.0000    0.0000
     91.84      1492.84      0.00     1.00       0.0000    0.0000
    102.04      1492.53      0.00     1.00       0.0000    0.0000
    112.24      1492.44      0.00     1.00       0.0000    0.0000
    122.45      1492.35      0.00     1.00       0.0000    0.0000
    132.65      1492.35      0.00     1.00       0.0000    0.0000
    142.86      1492.37      0.00     1.00       0.0000    0.0000
    153.06      1492.40      0.00     1.00       0.0000    0.0000
    163.27      1492.48      0.00     1.00       0.0000    0.0000
    173.47      1492.55      0.00     1.00       0.0000    0.0000
    183.67      1492.62      0.00     1.00       0.0000    0.0000
    193.88      1492.70      0.00     1.00       0.0000    0.0000
    204.08      1492.79      0.00     1.00       0.0000    0.0000
    214.29      1492.91      0.00     1.00       0.0000    0.0000
    224.49      1493.02      0.00     1.00       0.0000    0.0000
    234.69      1493.14      0.00     1.00       0.0000    0.0000
    244.90      1493.26      0.00     1.00       0.0000    0.0000
    255.10      1493.37      0.00     1.00       0.0000    0.0000
    265.31      1493.46      0.00     1.00       0.0000    0.0000
    275.51      1493.56      0.00     1.00       0.0000    0.0000
    285.71      1493.66      0.00     1.00       0.0000    0.0000
    295.92      1493.75      0.00     1.00       0.0000    0.0000
    306.12      1493.86      0.00     1.00       0.0000    0.0000
    316.33      1493.97      0.00     1.00       0.0000    0.0000
    326.53      1494.08      0.00     1.00       0.0000    0.0000
    336.73      1494.20      0.00     1.00       0.0000    0.0000
    346.94      1494.31      0.00     1.00       0.0000    0.0000
    357.14      1494.42      0.00     1.00       0.0000    0.0000
    367.35      1494.54      0.00     1.00       0.0000    0.0000
    377.55      1494.65      0.00     1.00       0.0000    0.0000
    387.76      1494.76      0.00     1.00       0.0000    0.0000
    397.96      1494.88      0.00     1.00       0.0000    0.0000
    408.16      1494.99      0.00     1.00       0.0000    0.0000
    418.37      1495.10      0.00     1.00       0.0000    0.0000
    428.57      1495.21      0.00     1.00       0.0000    0.0000
    438.78      1495.32      0.00     1.00       0.0000    0.0000
    448.98      1495.43      0.00     1.00       0.0000    0.0000
    459.18      1495.55      0.00     1.00       0.0000    0.0000
    469.39      1495.66      0.00     1.00       0.0000    0.0000
    479.59      1495.77      0.00     1.00       0.0000    0.0000
    489.80      1495.88      0.00     1.00       0.0000    0.0000
    500.00      1495.99      0.00     1.00       0.0000    0.0000

                                 ( RMS roughness =   0.00     )
     Bathymetry file selected
     ACOUSTO-ELASTIC half-space
    500.00      1600.00      0.00     1.00       0.0000    0.0000

 __________________________________________________________________________


 Number of source   depths =            1
 Source depths (m)
   477.203    

 Number of receiver depths =           50
 Receiver depths (m)
   481.767       475.773       483.774       476.189       481.879    
   479.223       473.839       484.594       482.133       474.939    
   480.612       481.935       483.111       478.629       488.931    
   474.805       479.968       481.958       481.399       470.720    
   481.066    
  ...    484.252258    

 Number of receiver ranges =           50
 Receiver ranges (km)
   9.99441       9.99629       9.99740       9.99858       9.99897    
   9.99921       9.99973       10.0001       10.0001       10.0004    
   10.0009       10.0010       10.0010       10.0011       10.0012    
   10.0012       10.0012       10.0012       10.0013       10.0014    
   10.0014    
  ...    10.0086031    

 Arrivals calculation, ASCII  file output
 Geometric gaussian beams in Cartesian coordinates
 Point source (cylindrical coordinates)
 Irregular grid: Receivers at rr( : ) x rd( : )

 Number of beams in elevation   =        10001
 Beam take-off angles (degrees)
  -90.0000      -89.9820      -89.9640      -89.9460      -89.9280    
  -89.9100      -89.8920      -89.8740      -89.8560      -89.8380    
  -89.8200      -89.8020      -89.7840      -89.7660      -89.7480    
  -89.7300      -89.7120      -89.6940      -89.6760      -89.6580    
  -89.6400    
  ...    89.999999999999986     

 __________________________________________________________________________


 Step length,      deltas =    0.0000000000000000      m

 Maximum ray depth, Box%z =    500.00000000000000      m
 Maximum ray range, Box%r =    10108.689000000000      m
 No beam shift in effect

 *********************************
 Using top-altimetry file
 Piecewise linear interpolation
 Number of altimetry points        1002

  Range (km)  Depth (m)
   0.00      0.433    
  0.100E-01  0.796    
  0.200E-01   1.72    
  0.300E-01   2.86    
  0.400E-01   2.70    
  0.500E-01   1.66    
  0.600E-01   1.24    
  0.700E-01   1.00    
  0.800E-01   1.51    
  0.900E-01   1.54    
  0.100       1.39    
  0.110       2.18    
  0.120       2.45    
  0.130       1.81    
  0.140       2.08    
  0.150       1.63    
  0.160       1.49    
  0.170       1.47    
  0.180       1.53    
 *********************************
 Using bottom-bathymetry file
 Piecewise linear interpolation
 Number of bathymetry points         809

 Short format (bathymetry only)
  Range (km)  Depth (m)
   0.00       500.    
  0.125E-01   500.    
  0.250E-01   499.    
  0.375E-01   498.    
  0.500E-01   497.    
  0.625E-01   496.    
  0.750E-01   495.    
  0.875E-01   495.    
  0.100       495.    
  0.113       495.    
  0.125       495.    
  0.138       496.    
  0.150       497.    
  0.163       498.    
  0.175       499.    
  0.188       500.    
  0.200       500.    
  0.212       500.    
  0.225       499.    

 Step length,      deltas =    50.000000000000000      m (automatically selected)

 ( Maximum # of arrivals =       400000 )

Tracing beam       1    -90.00

 Geometric Gaussian beams                
 halfwidth  =    63.145958555576257     
 epsilonOpt =  (  0.0000000000000000     ,  300643788.08016664     )
 EpsMult    =    1.0000000000000000     

Tracing beam     201    -86.40
Tracing beam     401    -82.80
Tracing beam     601    -79.20
Tracing beam     801    -75.60
Tracing beam    1001    -72.00
Tracing beam    1201    -68.40
Tracing beam    1401    -64.80
Tracing beam    1601    -61.20
Tracing beam    1801    -57.60
Tracing beam    2001    -54.00
Tracing beam    2201    -50.40
Tracing beam    2401    -46.80
Tracing beam    2601    -43.20
Tracing beam    2801    -39.60
Tracing beam    3001    -36.00
Tracing beam    3201    -32.40
Tracing beam    3401    -28.80
Tracing beam    3601    -25.20
Tracing beam    3801    -21.60
Tracing beam    4001    -18.00
Tracing beam    4201    -14.40
Tracing beam    4401    -10.80
Tracing beam    4601     -7.20
Tracing beam    4801     -3.60
Tracing beam    5001     -0.00
Tracing beam    5201      3.60
Tracing beam    5401      7.20
Tracing beam    5601     10.80
Tracing beam    5801     14.40
Tracing beam    6001     18.00
Tracing beam    6201     21.60
Tracing beam    6401     25.20
Tracing beam    6601     28.80
Tracing beam    6801     32.40
Tracing beam    7001     36.00
Tracing beam    7201     39.60
Tracing beam    7401     43.20
Tracing beam    7601     46.80
Tracing beam    7801     50.40
Tracing beam    8001     54.00
Tracing beam    8201     57.60
Tracing beam    8401     61.20
Tracing beam    8601     64.80
Tracing beam    8801     68.40
Tracing beam    9001     72.00
Tracing beam    9201     75.60
Tracing beam    9401     79.20
Tracing beam    9601     82.80
Tracing beam    9801     86.40
Tracing beam   10001     90.00

 CPU Time =        18.5    s
