 BELLHOP/BELLHOP3D

 BELLHOP- 2D Intro, North Atlantic SSP                                           
 frequency =  0.2400E+05 Hz

 Dummy parameter NMedia =            1

     Spline approximation to SSP
     Attenuation units: dB/mkHz
     THORP volume attenuation added
     VACUUM

 Depth =     500.00 m

 Sound speed profile:
   z (m)     alphaR (m/s)   betaR  rho (g/cm^3)  alphaI     betaI

      0.00      1502.37      0.00     1.00       0.0000    0.0000
     10.00      1502.12      0.00     1.00       0.0000    0.0000
     20.00      1501.58      0.00     1.00       0.0000    0.0000
     30.00      1500.63      0.00     1.00       0.0000    0.0000
     40.00      1498.78      0.00     1.00       0.0000    0.0000
     50.00      1496.92      0.00     1.00       0.0000    0.0000
     60.00      1495.52      0.00     1.00       0.0000    0.0000
     70.00      1494.13      0.00     1.00       0.0000    0.0000
     80.00      1493.25      0.00     1.00       0.0000    0.0000
     90.00      1492.90      0.00     1.00       0.0000    0.0000
    100.00      1492.55      0.00     1.00       0.0000    0.0000
    110.00      1492.46      0.00     1.00       0.0000    0.0000
    120.00      1492.37      0.00     1.00       0.0000    0.0000
    130.00      1492.34      0.00     1.00       0.0000    0.0000
    140.00      1492.36      0.00     1.00       0.0000    0.0000
    150.00      1492.38      0.00     1.00       0.0000    0.0000
    160.00      1492.45      0.00     1.00       0.0000    0.0000
    170.00      1492.52      0.00     1.00       0.0000    0.0000
    180.00      1492.60      0.00     1.00       0.0000    0.0000
    190.00      1492.67      0.00     1.00       0.0000    0.0000
    200.00      1492.74      0.00     1.00       0.0000    0.0000
    210.00      1492.86      0.00     1.00       0.0000    0.0000
    220.00      1492.97      0.00     1.00       0.0000    0.0000
    230.00      1493.09      0.00     1.00       0.0000    0.0000
    240.00      1493.20      0.00     1.00       0.0000    0.0000
    250.00      1493.32      0.00     1.00       0.0000    0.0000
    260.00      1493.41      0.00     1.00       0.0000    0.0000
    270.00      1493.51      0.00     1.00       0.0000    0.0000
    280.00      1493.60      0.00     1.00       0.0000    0.0000
    290.00      1493.70      0.00     1.00       0.0000    0.0000
    300.00      1493.79      0.00     1.00       0.0000    0.0000
    310.00      1493.90      0.00     1.00       0.0000    0.0000
    320.00      1494.01      0.00     1.00       0.0000    0.0000
    330.00      1494.12      0.00     1.00       0.0000    0.0000
    340.00      1494.23      0.00     1.00       0.0000    0.0000
    350.00      1494.35      0.00     1.00       0.0000    0.0000
    360.00      1494.46      0.00     1.00       0.0000    0.0000
    370.00      1494.57      0.00     1.00       0.0000    0.0000
    380.00      1494.68      0.00     1.00       0.0000    0.0000
    390.00      1494.79      0.00     1.00       0.0000    0.0000
    400.00      1494.90      0.00     1.00       0.0000    0.0000
    410.00      1495.01      0.00     1.00       0.0000    0.0000
    420.00      1495.12      0.00     1.00       0.0000    0.0000
    430.00      1495.23      0.00     1.00       0.0000    0.0000
    440.00      1495.34      0.00     1.00       0.0000    0.0000
    450.00      1495.44      0.00     1.00       0.0000    0.0000
    460.00      1495.55      0.00     1.00       0.0000    0.0000
    470.00      1495.66      0.00     1.00       0.0000    0.0000
    480.00      1495.77      0.00     1.00       0.0000    0.0000
    490.00      1495.88      0.00     1.00       0.0000    0.0000
    500.00      1495.99      0.00     1.00       0.0000    0.0000

                                 ( RMS roughness =   0.00     )
     ACOUSTO-ELASTIC half-space
    500.00      1600.00      0.00     1.00       0.0000    0.0000

 __________________________________________________________________________

 Number of Source   depths, Sz =            1
 Source   depths, Sz (m)
   200.000    


 __________________________________________________________________________

 Number of Receiver depths, Rz =          201
 Receiver depths, Rz (m)
   0.00000       2.50000       5.00000       7.50000       10.0000    
   12.5000       15.0000       17.5000       20.0000       22.5000    
          ... 
   500.000    


 __________________________________________________________________________

 Number of Receiver ranges, Rr =         1001
 Receiver ranges, Rr (km)
   0.00000      0.500000E-02  0.100000E-01  0.150000E-01  0.200000E-01
  0.250000E-01  0.300000E-01  0.350000E-01  0.400000E-01  0.450000E-01
          ... 
   5.00000    


 Incoherent TL calculation
 Geometric gaussian beams in Cartesian coordinates
 Point source (cylindrical coordinates)
 Rectilinear receiver grid: Receivers at ( Rr( ir ), Rz( ir ) ) )
 __________________________________________________________________________

 Number of beams in elevation   =        10001
 Beam take-off angles (degrees)
  -90.0000      -89.9820      -89.9640      -89.9460      -89.9280    
  -89.9100      -89.8920      -89.8740      -89.8560      -89.8380    
          ... 
   90.0000    

 __________________________________________________________________________


 Step length,       deltas =   0.000     m

 Maximum ray depth, Box%z  =   500.0     m
 Maximum ray range, Box%r  =   5.050    km
 No beam shift in effect


 Step length,       deltas =   50.00     m (automatically selected)

Tracing beam       1    -90.00

 Geometric Gaussian beams                
 halfwidth  =    63.019243195942764     
 epsilonOpt =                (0.0000000000000000,299438391.48216504)
 EpsMult    =    1.0000000000000000     

Tracing beam     201    -86.40
Tracing beam     401    -82.80
Tracing beam     601    -79.20
Tracing beam     801    -75.60
Tracing beam    1001    -72.00
Tracing beam    1201    -68.40
Tracing beam    1401    -64.80
Tracing beam    1601    -61.20
Tracing beam    1801    -57.60
Tracing beam    2001    -54.00
Tracing beam    2201    -50.40
Tracing beam    2401    -46.80
Tracing beam    2601    -43.20
Tracing beam    2801    -39.60
Tracing beam    3001    -36.00
Tracing beam    3201    -32.40
Tracing beam    3401    -28.80
Tracing beam    3601    -25.20
Tracing beam    3801    -21.60
Tracing beam    4001    -18.00
Tracing beam    4201    -14.40
Tracing beam    4401    -10.80
Tracing beam    4601     -7.20
Tracing beam    4801     -3.60
Tracing beam    5001     -0.00
Tracing beam    5201      3.60
Tracing beam    5401      7.20
Tracing beam    5601     10.80
Tracing beam    5801     14.40
Tracing beam    6001     18.00
Tracing beam    6201     21.60
Tracing beam    6401     25.20
Tracing beam    6601     28.80
Tracing beam    6801     32.40
Tracing beam    7001     36.00
Tracing beam    7201     39.60
Tracing beam    7401     43.20
Tracing beam    7601     46.80
Tracing beam    7801     50.40
Tracing beam    8001     54.00
Tracing beam    8201     57.60
Tracing beam    8401     61.20
Tracing beam    8601     64.80
Tracing beam    8801     68.40
Tracing beam    9001     72.00
Tracing beam    9201     75.60
Tracing beam    9401     79.20
Tracing beam    9601     82.80
Tracing beam    9801     86.40
Tracing beam   10001     90.00

 CPU Time =        1.06    s
