 BELLHOP/BELLHOP3D

 BELLHOP- Channel LUT                                                            
 frequency =  0.2400E+05 Hz

 Dummy parameter NMedia =            1

     Spline approximation to SSP
     Attenuation units: dB/mkHz
     Altimetry file selected
     VACUUM

 Depth =      70.00 m

 Sound speed profile:
   z (m)     alphaR (m/s)   betaR  rho (g/cm^3)  alphaI     betaI

      0.00      1504.10      0.00     1.00       0.0000    0.0000
      1.43      1503.92      0.00     1.00       0.0000    0.0000
      2.86      1503.74      0.00     1.00       0.0000    0.0000
      4.29      1503.56      0.00     1.00       0.0000    0.0000
      5.71      1503.38      0.00     1.00       0.0000    0.0000
      7.14      1503.20      0.00     1.00       0.0000    0.0000
      8.57      1503.02      0.00     1.00       0.0000    0.0000
     10.00      1502.84      0.00     1.00       0.0000    0.0000
     11.43      1502.35      0.00     1.00       0.0000    0.0000
     12.86      1501.86      0.00     1.00       0.0000    0.0000
     14.29      1501.37      0.00     1.00       0.0000    0.0000
     15.71      1500.88      0.00     1.00       0.0000    0.0000
     17.14      1500.39      0.00     1.00       0.0000    0.0000
     18.57      1499.90      0.00     1.00       0.0000    0.0000
     20.00      1499.41      0.00     1.00       0.0000    0.0000
     21.43      1498.46      0.00     1.00       0.0000    0.0000
     22.86      1497.52      0.00     1.00       0.0000    0.0000
     24.29      1496.57      0.00     1.00       0.0000    0.0000
     25.71      1495.63      0.00     1.00       0.0000    0.0000
     27.14      1494.68      0.00     1.00       0.0000    0.0000
     28.57      1493.74      0.00     1.00       0.0000    0.0000
     30.00      1492.79      0.00     1.00       0.0000    0.0000
     31.43      1492.08      0.00     1.00       0.0000    0.0000
     32.86      1491.36      0.00     1.00       0.0000    0.0000
     34.29      1490.65      0.00     1.00       0.0000    0.0000
     35.71      1489.94      0.00     1.00       0.0000    0.0000
     37.14      1489.23      0.00     1.00       0.0000    0.0000
     38.57      1488.51      0.00     1.00       0.0000    0.0000
     40.00      1487.80      0.00     1.00       0.0000    0.0000
     41.43      1487.09      0.00     1.00       0.0000    0.0000
     42.86      1486.37      0.00     1.00       0.0000    0.0000
     44.29      1485.66      0.00     1.00       0.0000    0.0000
     45.71      1484.95      0.00     1.00       0.0000    0.0000
     47.14      1484.24      0.00     1.00       0.0000    0.0000
     48.57      1483.52      0.00     1.00       0.0000    0.0000
     50.00      1482.81      0.00     1.00       0.0000    0.0000
     51.43      1482.53      0.00     1.00       0.0000    0.0000
     52.86      1482.26      0.00     1.00       0.0000    0.0000
     54.29      1481.98      0.00     1.00       0.0000    0.0000
     55.71      1481.70      0.00     1.00       0.0000    0.0000
     57.14      1481.43      0.00     1.00       0.0000    0.0000
     58.57      1481.15      0.00     1.00       0.0000    0.0000
     60.00      1480.87      0.00     1.00       0.0000    0.0000
     61.43      1480.60      0.00     1.00       0.0000    0.0000
     62.86      1480.32      0.00     1.00       0.0000    0.0000
     64.29      1480.04      0.00     1.00       0.0000    0.0000
     65.71      1479.77      0.00     1.00       0.0000    0.0000
     67.14      1479.49      0.00     1.00       0.0000    0.0000
     68.57      1479.21      0.00     1.00       0.0000    0.0000
     70.00      1478.94      0.00     1.00       0.0000    0.0000

                                 ( RMS roughness =   0.00     )
     Bathymetry file selected
     ACOUSTO-ELASTIC half-space
     70.00      1600.00      0.00     1.00       0.0000    0.0000

 __________________________________________________________________________


 Number of source   depths =            1
 Source depths (m)
   66.7364    

 Number of receiver depths =           50
 Receiver depths (m)
   65.3532       66.0386       66.7441       64.4203       64.7380    
   66.4735       66.8872       65.5413       65.6374       64.4694    
   66.2140       65.3257       64.0551       66.0724       63.7452    
   66.6804       65.6087       66.9417       63.3577       64.8483    
   64.3839    
  ...    65.6249084    

 Number of receiver ranges =           50
 Receiver ranges (km)
   9.99893       9.99999       10.0000       10.0000       10.0002    
   10.0003       10.0003       10.0004       10.0005       10.0005    
   10.0006       10.0007       10.0008       10.0008       10.0008    
   10.0008       10.0009       10.0009       10.0009       10.0009    
   10.0009    
  ...    10.0030909    

 Arrivals calculation, ASCII  file output
 Geometric gaussian beams in Cartesian coordinates
 Point source (cylindrical coordinates)
 Irregular grid: Receivers at rr( : ) x rd( : )

 Number of beams in elevation   =        10001
 Beam take-off angles (degrees)
  -90.0000      -89.9820      -89.9640      -89.9460      -89.9280    
  -89.9100      -89.8920      -89.8740      -89.8560      -89.8380    
  -89.8200      -89.8020      -89.7840      -89.7660      -89.7480    
  -89.7300      -89.7120      -89.6940      -89.6760      -89.6580    
  -89.6400    
  ...    89.999999999999986     

 __________________________________________________________________________


 Step length,      deltas =    0.0000000000000000      m

 Maximum ray depth, Box%z =    70.000000000000000      m
 Maximum ray range, Box%r =    10103.122000000001      m
 No beam shift in effect

 *********************************
 Using top-altimetry file
 Piecewise linear interpolation
 Number of altimetry points       10020

  Range (km)  Depth (m)
   0.00       2.83    
  0.100E-01   2.70    
  0.200E-01   2.59    
  0.300E-01   2.65    
  0.400E-01   2.73    
  0.500E-01   2.89    
  0.600E-01   2.92    
  0.700E-01   2.97    
  0.800E-01   2.89    
  0.900E-01   2.84    
  0.100       2.78    
  0.110       2.70    
  0.120       2.64    
  0.130       2.56    
  0.140       2.50    
  0.150       2.37    
  0.160       2.30    
  0.170       2.24    
  0.180       2.22    
 *********************************
 Using bottom-bathymetry file
 Piecewise linear interpolation
 Number of bathymetry points         809

 Short format (bathymetry only)
  Range (km)  Depth (m)
   0.00       70.0    
  0.125E-01   70.0    
  0.250E-01   69.8    
  0.375E-01   69.7    
  0.500E-01   69.5    
  0.625E-01   69.3    
  0.750E-01   69.1    
  0.875E-01   69.0    
  0.100       69.0    
  0.113       69.0    
  0.125       69.1    
  0.138       69.3    
  0.150       69.5    
  0.163       69.7    
  0.175       69.8    
  0.188       70.0    
  0.200       70.0    
  0.212       70.0    
  0.225       69.9    

 Step length,      deltas =    7.0000000000000000      m (automatically selected)

 ( Maximum # of arrivals =       400000 )

Tracing beam       1    -90.00

 Geometric Gaussian beams                
 halfwidth  =    62.463236052120109     
 epsilonOpt =  (  0.0000000000000000     ,  294177921.13563859     )
 EpsMult    =    1.0000000000000000     

Tracing beam     201    -86.40
Tracing beam     401    -82.80
Tracing beam     601    -79.20
Tracing beam     801    -75.60
Tracing beam    1001    -72.00
Tracing beam    1201    -68.40
Tracing beam    1401    -64.80
Tracing beam    1601    -61.20
Tracing beam    1801    -57.60
Tracing beam    2001    -54.00
Tracing beam    2201    -50.40
Tracing beam    2401    -46.80
Tracing beam    2601    -43.20
Tracing beam    2801    -39.60
Tracing beam    3001    -36.00
Tracing beam    3201    -32.40
Tracing beam    3401    -28.80
Tracing beam    3601    -25.20
Tracing beam    3801    -21.60
Tracing beam    4001    -18.00
Tracing beam    4201    -14.40
Tracing beam    4401    -10.80
Tracing beam    4601     -7.20
Tracing beam    4801     -3.60
Tracing beam    5001     -0.00
Tracing beam    5201      3.60
Tracing beam    5401      7.20
Tracing beam    5601     10.80
Tracing beam    5801     14.40
Tracing beam    6001     18.00
Tracing beam    6201     21.60
Tracing beam    6401     25.20
Tracing beam    6601     28.80
Tracing beam    6801     32.40
Tracing beam    7001     36.00
Tracing beam    7201     39.60
Tracing beam    7401     43.20
Tracing beam    7601     46.80
Tracing beam    7801     50.40
Tracing beam    8001     54.00
Tracing beam    8201     57.60
Tracing beam    8401     61.20
Tracing beam    8601     64.80
Tracing beam    8801     68.40
Tracing beam    9001     72.00
Tracing beam    9201     75.60
Tracing beam    9401     79.20
Tracing beam    9601     82.80
Tracing beam    9801     86.40
Tracing beam   10001     90.00

 CPU Time =        104.    s
