 BELLHOP/BELLHOP3D

 BELLHOP- Tx Loss in the North Sea                                               
 frequency =  0.2400E+05 Hz

 Dummy parameter NMedia =            1

     Spline approximation to SSP
     Attenuation units: dB/mkHz
     THORP attenuation added
     Altimetry file selected
     VACUUM

 Depth =      70.00 m

 Sound speed profile:
   z (m)     alphaR (m/s)   betaR  rho (g/cm^3)  alphaI     betaI

      0.00      1504.10      0.00     1.00       0.0000    0.0000
      1.43      1503.92      0.00     1.00       0.0000    0.0000
      2.86      1503.74      0.00     1.00       0.0000    0.0000
      4.29      1503.56      0.00     1.00       0.0000    0.0000
      5.71      1503.38      0.00     1.00       0.0000    0.0000
      7.14      1503.20      0.00     1.00       0.0000    0.0000
      8.57      1503.02      0.00     1.00       0.0000    0.0000
     10.00      1502.84      0.00     1.00       0.0000    0.0000
     11.43      1502.35      0.00     1.00       0.0000    0.0000
     12.86      1501.86      0.00     1.00       0.0000    0.0000
     14.29      1501.37      0.00     1.00       0.0000    0.0000
     15.71      1500.88      0.00     1.00       0.0000    0.0000
     17.14      1500.39      0.00     1.00       0.0000    0.0000
     18.57      1499.90      0.00     1.00       0.0000    0.0000
     20.00      1499.41      0.00     1.00       0.0000    0.0000
     21.43      1498.46      0.00     1.00       0.0000    0.0000
     22.86      1497.52      0.00     1.00       0.0000    0.0000
     24.29      1496.57      0.00     1.00       0.0000    0.0000
     25.71      1495.63      0.00     1.00       0.0000    0.0000
     27.14      1494.68      0.00     1.00       0.0000    0.0000
     28.57      1493.74      0.00     1.00       0.0000    0.0000
     30.00      1492.79      0.00     1.00       0.0000    0.0000
     31.43      1492.08      0.00     1.00       0.0000    0.0000
     32.86      1491.36      0.00     1.00       0.0000    0.0000
     34.29      1490.65      0.00     1.00       0.0000    0.0000
     35.71      1489.94      0.00     1.00       0.0000    0.0000
     37.14      1489.23      0.00     1.00       0.0000    0.0000
     38.57      1488.51      0.00     1.00       0.0000    0.0000
     40.00      1487.80      0.00     1.00       0.0000    0.0000
     41.43      1487.09      0.00     1.00       0.0000    0.0000
     42.86      1486.37      0.00     1.00       0.0000    0.0000
     44.29      1485.66      0.00     1.00       0.0000    0.0000
     45.71      1484.95      0.00     1.00       0.0000    0.0000
     47.14      1484.24      0.00     1.00       0.0000    0.0000
     48.57      1483.52      0.00     1.00       0.0000    0.0000
     50.00      1482.81      0.00     1.00       0.0000    0.0000
     51.43      1482.53      0.00     1.00       0.0000    0.0000
     52.86      1482.26      0.00     1.00       0.0000    0.0000
     54.29      1481.98      0.00     1.00       0.0000    0.0000
     55.71      1481.70      0.00     1.00       0.0000    0.0000
     57.14      1481.43      0.00     1.00       0.0000    0.0000
     58.57      1481.15      0.00     1.00       0.0000    0.0000
     60.00      1480.87      0.00     1.00       0.0000    0.0000
     61.43      1480.60      0.00     1.00       0.0000    0.0000
     62.86      1480.32      0.00     1.00       0.0000    0.0000
     64.29      1480.04      0.00     1.00       0.0000    0.0000
     65.71      1479.77      0.00     1.00       0.0000    0.0000
     67.14      1479.49      0.00     1.00       0.0000    0.0000
     68.57      1479.21      0.00     1.00       0.0000    0.0000
     70.00      1478.94      0.00     1.00       0.0000    0.0000

                                 ( RMS roughness =   0.00     )
     Bathymetry file selected
     ACOUSTO-ELASTIC half-space
     70.00      1600.00      0.00     1.00       0.0000    0.0000

 __________________________________________________________________________


 Number of source   depths =            1
 Source depths (m)
   65.0000    

 Number of receiver depths =          201
 Receiver depths (m)
   0.00000      0.350000      0.700000       1.05000       1.40000    
   1.75000       2.10000       2.45000       2.80000       3.15000    
   3.50000       3.85000       4.20000       4.55000       4.90000    
   5.25000       5.60000       5.95000       6.30000       6.65000    
   7.00000    
  ...    70.0000000    

 Number of receiver ranges =         1001
 Receiver ranges (km)
   0.00000      0.300000E-02  0.600000E-02  0.900000E-02  0.120000E-01
  0.150000E-01  0.180000E-01  0.210000E-01  0.240000E-01  0.270000E-01
  0.300000E-01  0.330000E-01  0.360000E-01  0.390000E-01  0.420000E-01
  0.450000E-01  0.480000E-01  0.510000E-01  0.540000E-01  0.570000E-01
  0.600000E-01
  ...    3.00000000    

 Incoherent TL calculation
 Geometric gaussian beams in Cartesian coordinates
 Point source (cylindrical coordinates)
 Rectilinear receiver grid: Receivers at ( rr( ir ), rd( ir ) ) )

 Number of beams in elevation   =        10001
 Beam take-off angles (degrees)
  -90.0000      -89.9820      -89.9640      -89.9460      -89.9280    
  -89.9100      -89.8920      -89.8740      -89.8560      -89.8380    
  -89.8200      -89.8020      -89.7840      -89.7660      -89.7480    
  -89.7300      -89.7120      -89.6940      -89.6760      -89.6580    
  -89.6400    
  ...    89.999999999999986     

 __________________________________________________________________________


 Step length,      deltas =    0.0000000000000000      m

 Maximum ray depth, Box%z =    70.000000000000000      m
 Maximum ray range, Box%r =    3030.0000000000000      m
 No beam shift in effect

 *********************************
 Using top-altimetry file
 Piecewise linear interpolation
 Number of altimetry points        3020

  Range (km)  Depth (m)
   0.00       1.26    
  0.100E-01   1.35    
  0.200E-01   1.39    
  0.300E-01   1.36    
  0.400E-01   1.34    
  0.500E-01   1.21    
  0.600E-01   1.17    
  0.700E-01   1.13    
  0.800E-01   1.26    
  0.900E-01   1.36    
  0.100       1.40    
  0.110       1.27    
  0.120       1.19    
  0.130       1.06    
  0.140       1.07    
  0.150       1.08    
  0.160       1.05    
  0.170       1.13    
  0.180       1.27    
 *********************************
 Using bottom-bathymetry file
 Piecewise linear interpolation
 Number of bathymetry points         243

 Short format (bathymetry only)
  Range (km)  Depth (m)
   0.00       70.0    
  0.125E-01   70.0    
  0.250E-01   69.9    
  0.375E-01   69.8    
  0.500E-01   69.7    
  0.625E-01   69.5    
  0.750E-01   69.4    
  0.875E-01   69.3    
  0.100       69.3    
  0.113       69.3    
  0.125       69.4    
  0.138       69.5    
  0.150       69.7    
  0.163       69.8    
  0.175       69.9    
  0.188       70.0    
  0.200       70.0    
  0.212       69.9    
  0.225       69.8    

 Step length,      deltas =    7.0000000000000000      m (automatically selected)

Tracing beam       1    -90.00

 Geometric Gaussian beams                
 halfwidth  =    62.477428163760536     
 epsilonOpt =  (  0.0000000000000000     ,  294311615.14379442     )
 EpsMult    =    1.0000000000000000     

Tracing beam     201    -86.40
Tracing beam     401    -82.80
Tracing beam     601    -79.20
Tracing beam     801    -75.60
Tracing beam    1001    -72.00
Tracing beam    1201    -68.40
Tracing beam    1401    -64.80
Tracing beam    1601    -61.20
Tracing beam    1801    -57.60
Tracing beam    2001    -54.00
Tracing beam    2201    -50.40
Tracing beam    2401    -46.80
Tracing beam    2601    -43.20
Tracing beam    2801    -39.60
Tracing beam    3001    -36.00
Tracing beam    3201    -32.40
Tracing beam    3401    -28.80
Tracing beam    3601    -25.20
Tracing beam    3801    -21.60
Tracing beam    4001    -18.00
Tracing beam    4201    -14.40
Tracing beam    4401    -10.80
Tracing beam    4601     -7.20
Tracing beam    4801     -3.60
Tracing beam    5001     -0.00
Tracing beam    5201      3.60
Tracing beam    5401      7.20
Tracing beam    5601     10.80
Tracing beam    5801     14.40
Tracing beam    6001     18.00
Tracing beam    6201     21.60
Tracing beam    6401     25.20
Tracing beam    6601     28.80
Tracing beam    6801     32.40
Tracing beam    7001     36.00
Tracing beam    7201     39.60
Tracing beam    7401     43.20
Tracing beam    7601     46.80
Tracing beam    7801     50.40
Tracing beam    8001     54.00
Tracing beam    8201     57.60
Tracing beam    8401     61.20
Tracing beam    8601     64.80
Tracing beam    8801     68.40
Tracing beam    9001     72.00
Tracing beam    9201     75.60
Tracing beam    9401     79.20
Tracing beam    9601     82.80
Tracing beam    9801     86.40
Tracing beam   10001     90.00

 CPU Time =        17.8    s
