 BELLHOP/BELLHOP3D

 BELLHOP- Channel LUT                                                            
 frequency =  0.2400E+05 Hz

 Dummy parameter NMedia =            1

     Spline approximation to SSP
     Attenuation units: dB/mkHz
     Altimetry file selected
     VACUUM

 Depth =      50.00 m

 Sound speed profile:
   z (m)     alphaR (m/s)   betaR  rho (g/cm^3)  alphaI     betaI

      0.00      1476.32      0.00     1.00       0.0000    0.0000
      1.02      1476.36      0.00     1.00       0.0000    0.0000
      2.04      1476.40      0.00     1.00       0.0000    0.0000
      3.06      1476.45      0.00     1.00       0.0000    0.0000
      4.08      1476.49      0.00     1.00       0.0000    0.0000
      5.10      1476.53      0.00     1.00       0.0000    0.0000
      6.12      1476.57      0.00     1.00       0.0000    0.0000
      7.14      1476.61      0.00     1.00       0.0000    0.0000
      8.16      1476.65      0.00     1.00       0.0000    0.0000
      9.18      1476.70      0.00     1.00       0.0000    0.0000
     10.20      1476.73      0.00     1.00       0.0000    0.0000
     11.22      1476.75      0.00     1.00       0.0000    0.0000
     12.24      1476.76      0.00     1.00       0.0000    0.0000
     13.27      1476.77      0.00     1.00       0.0000    0.0000
     14.29      1476.79      0.00     1.00       0.0000    0.0000
     15.31      1476.80      0.00     1.00       0.0000    0.0000
     16.33      1476.81      0.00     1.00       0.0000    0.0000
     17.35      1476.83      0.00     1.00       0.0000    0.0000
     18.37      1476.84      0.00     1.00       0.0000    0.0000
     19.39      1476.85      0.00     1.00       0.0000    0.0000
     20.41      1476.87      0.00     1.00       0.0000    0.0000
     21.43      1476.90      0.00     1.00       0.0000    0.0000
     22.45      1476.92      0.00     1.00       0.0000    0.0000
     23.47      1476.95      0.00     1.00       0.0000    0.0000
     24.49      1476.98      0.00     1.00       0.0000    0.0000
     25.51      1477.00      0.00     1.00       0.0000    0.0000
     26.53      1477.03      0.00     1.00       0.0000    0.0000
     27.55      1477.06      0.00     1.00       0.0000    0.0000
     28.57      1477.08      0.00     1.00       0.0000    0.0000
     29.59      1477.11      0.00     1.00       0.0000    0.0000
     30.61      1477.12      0.00     1.00       0.0000    0.0000
     31.63      1477.12      0.00     1.00       0.0000    0.0000
     32.65      1477.11      0.00     1.00       0.0000    0.0000
     33.67      1477.11      0.00     1.00       0.0000    0.0000
     34.69      1477.11      0.00     1.00       0.0000    0.0000
     35.71      1477.11      0.00     1.00       0.0000    0.0000
     36.73      1477.10      0.00     1.00       0.0000    0.0000
     37.76      1477.10      0.00     1.00       0.0000    0.0000
     38.78      1477.10      0.00     1.00       0.0000    0.0000
     39.80      1477.10      0.00     1.00       0.0000    0.0000
     40.82      1477.09      0.00     1.00       0.0000    0.0000
     41.84      1477.09      0.00     1.00       0.0000    0.0000
     42.86      1477.09      0.00     1.00       0.0000    0.0000
     43.88      1477.09      0.00     1.00       0.0000    0.0000
     44.90      1477.08      0.00     1.00       0.0000    0.0000
     45.92      1477.08      0.00     1.00       0.0000    0.0000
     46.94      1477.08      0.00     1.00       0.0000    0.0000
     47.96      1477.08      0.00     1.00       0.0000    0.0000
     48.98      1477.07      0.00     1.00       0.0000    0.0000
     50.00      1477.07      0.00     1.00       0.0000    0.0000

                                 ( RMS roughness =   0.00     )
     Bathymetry file selected
     ACOUSTO-ELASTIC half-space
     50.00      1600.00      0.00     1.00       0.0000    0.0000

 __________________________________________________________________________


 Number of source   depths =            1
 Source depths (m)
   45.6057    

 Number of receiver depths =           50
 Receiver depths (m)
   45.0272       44.2289       45.3918       46.3956       45.7213    
   44.7292       44.8264       44.6672       44.9405       42.8745    
   43.9809       46.0598       44.8611       42.5687       45.2394    
   47.2735       44.9855       44.5400       45.6291       44.0459    
   44.8865    
  ...    45.7376709    

 Number of receiver ranges =           50
 Receiver ranges (km)
   1.99754       1.99814       1.99826       1.99851       1.99859    
   1.99863       1.99887       1.99887       1.99898       1.99905    
   1.99913       1.99920       1.99934       1.99941       1.99942    
   1.99948       1.99953       1.99956       1.99964       1.99968    
   1.99971    
  ...    2.00150609    

 Arrivals calculation, ASCII  file output
 Geometric gaussian beams in Cartesian coordinates
 Point source (cylindrical coordinates)
 Irregular grid: Receivers at rr( : ) x rd( : )

 Number of beams in elevation   =        10001
 Beam take-off angles (degrees)
  -90.0000      -89.9820      -89.9640      -89.9460      -89.9280    
  -89.9100      -89.8920      -89.8740      -89.8560      -89.8380    
  -89.8200      -89.8020      -89.7840      -89.7660      -89.7480    
  -89.7300      -89.7120      -89.6940      -89.6760      -89.6580    
  -89.6400    
  ...    89.999999999999986     

 __________________________________________________________________________


 Step length,      deltas =    0.0000000000000000      m

 Maximum ray depth, Box%z =    50.000000000000000      m
 Maximum ray range, Box%r =    2021.5210000000000      m
 No beam shift in effect

 *********************************
 Using top-altimetry file
 Piecewise linear interpolation
 Number of altimetry points        2020

  Range (km)  Depth (m)
   0.00       1.53    
  0.100E-01   1.57    
  0.200E-01   1.74    
  0.300E-01   1.82    
  0.400E-01   2.03    
  0.500E-01   2.17    
  0.600E-01   2.21    
  0.700E-01   2.33    
  0.800E-01   2.42    
  0.900E-01   2.40    
  0.100       2.44    
  0.110       2.46    
  0.120       2.51    
  0.130       2.55    
  0.140       2.52    
  0.150       2.55    
  0.160       2.60    
  0.170       2.65    
  0.180       2.60    
 *********************************
 Using bottom-bathymetry file
 Piecewise linear interpolation
 Number of bathymetry points         162

 Short format (bathymetry only)
  Range (km)  Depth (m)
   0.00       50.0    
  0.125E-01   50.0    
  0.250E-01   49.9    
  0.375E-01   49.8    
  0.500E-01   49.7    
  0.625E-01   49.6    
  0.750E-01   49.5    
  0.875E-01   49.4    
  0.100       49.4    
  0.113       49.4    
  0.125       49.5    
  0.138       49.6    
  0.150       49.7    
  0.163       49.8    
  0.175       49.9    
  0.188       50.0    
  0.200       50.0    
  0.212       50.0    
  0.225       50.0    

 Step length,      deltas =    5.0000000000000000      m (automatically selected)

 ( Maximum # of arrivals =       400000 )

Tracing beam       1    -90.00

 Geometric Gaussian beams                
 halfwidth  =    62.358164086752353     
 epsilonOpt =  (  0.0000000000000000     ,  293189056.10302895     )
 EpsMult    =    1.0000000000000000     

Tracing beam     201    -86.40
Tracing beam     401    -82.80
Tracing beam     601    -79.20
Tracing beam     801    -75.60
Tracing beam    1001    -72.00
Tracing beam    1201    -68.40
Tracing beam    1401    -64.80
Tracing beam    1601    -61.20
Tracing beam    1801    -57.60
Tracing beam    2001    -54.00
Tracing beam    2201    -50.40
Tracing beam    2401    -46.80
Tracing beam    2601    -43.20
Tracing beam    2801    -39.60
Tracing beam    3001    -36.00
Tracing beam    3201    -32.40
Tracing beam    3401    -28.80
Tracing beam    3601    -25.20
Tracing beam    3801    -21.60
Tracing beam    4001    -18.00
Tracing beam    4201    -14.40
Tracing beam    4401    -10.80
Tracing beam    4601     -7.20
Tracing beam    4801     -3.60
Tracing beam    5001     -0.00
Tracing beam    5201      3.60
Tracing beam    5401      7.20
Tracing beam    5601     10.80
Tracing beam    5801     14.40
Tracing beam    6001     18.00
Tracing beam    6201     21.60
Tracing beam    6401     25.20
Tracing beam    6601     28.80
Tracing beam    6801     32.40
Tracing beam    7001     36.00
Tracing beam    7201     39.60
Tracing beam    7401     43.20
Tracing beam    7601     46.80
Tracing beam    7801     50.40
Tracing beam    8001     54.00
Tracing beam    8201     57.60
Tracing beam    8401     61.20
Tracing beam    8601     64.80
Tracing beam    8801     68.40
Tracing beam    9001     72.00
Tracing beam    9201     75.60
Tracing beam    9401     79.20
Tracing beam    9601     82.80
Tracing beam    9801     86.40
Tracing beam   10001     90.00

 CPU Time =        7.50    s
